<?xml version="1.0" encoding="UTF-8"?>
<testsuites>
    <testsuite name="fastlane.lanes">


        <testcase classname="fastlane.lanes" name="0: default_platform" time="0.005747">

        </testcase>


        <testcase classname="fastlane.lanes" name="1: gradle" time="35.036427">

            <failure
                message="/Library/Ruby/Gems/2.3.0/gems/fastlane-2.98.0/fastlane/lib/fastlane/actions/actions_helper.rb:48:in `execute_action'&#10;/Library/Ruby/Gems/2.3.0/gems/fastlane-2.98.0/fastlane/lib/fastlane/runner.rb:236:in `block in execute_action'&#10;/Library/Ruby/Gems/2.3.0/gems/fastlane-2.98.0/fastlane/lib/fastlane/runner.rb:231:in `chdir'&#10;/Library/Ruby/Gems/2.3.0/gems/fastlane-2.98.0/fastlane/lib/fastlane/runner.rb:231:in `execute_action'&#10;/Library/Ruby/Gems/2.3.0/gems/fastlane-2.98.0/fastlane/lib/fastlane/runner.rb:157:in `trigger_action_by_name'&#10;/Library/Ruby/Gems/2.3.0/gems/fastlane-2.98.0/fastlane/lib/fastlane/fast_file.rb:149:in `method_missing'&#10;Fastfile:21:in `block (2 levels) in parsing_binding'&#10;/Library/Ruby/Gems/2.3.0/gems/fastlane-2.98.0/fastlane/lib/fastlane/lane.rb:33:in `call'&#10;/Library/Ruby/Gems/2.3.0/gems/fastlane-2.98.0/fastlane/lib/fastlane/runner.rb:49:in `block in execute'&#10;/Library/Ruby/Gems/2.3.0/gems/fastlane-2.98.0/fastlane/lib/fastlane/runner.rb:45:in `chdir'&#10;/Library/Ruby/Gems/2.3.0/gems/fastlane-2.98.0/fastlane/lib/fastlane/runner.rb:45:in `execute'&#10;/Library/Ruby/Gems/2.3.0/gems/fastlane-2.98.0/fastlane/lib/fastlane/lane_manager.rb:59:in `cruise_lane'&#10;/Library/Ruby/Gems/2.3.0/gems/fastlane-2.98.0/fastlane/lib/fastlane/command_line_handler.rb:36:in `handle'&#10;/Library/Ruby/Gems/2.3.0/gems/fastlane-2.98.0/fastlane/lib/fastlane/commands_generator.rb:107:in `block (2 levels) in run'&#10;/Library/Ruby/Gems/2.3.0/gems/commander-fastlane-4.4.6/lib/commander/command.rb:178:in `call'&#10;/Library/Ruby/Gems/2.3.0/gems/commander-fastlane-4.4.6/lib/commander/command.rb:153:in `run'&#10;/Library/Ruby/Gems/2.3.0/gems/commander-fastlane-4.4.6/lib/commander/runner.rb:476:in `run_active_command'&#10;/Library/Ruby/Gems/2.3.0/gems/fastlane-2.98.0/fastlane_core/lib/fastlane_core/ui/fastlane_runner.rb:75:in `run!'&#10;/Library/Ruby/Gems/2.3.0/gems/commander-fastlane-4.4.6/lib/commander/delegates.rb:15:in `run!'&#10;/Library/Ruby/Gems/2.3.0/gems/fastlane-2.98.0/fastlane/lib/fastlane/commands_generator.rb:332:in `run'&#10;/Library/Ruby/Gems/2.3.0/gems/fastlane-2.98.0/fastlane/lib/fastlane/commands_generator.rb:41:in `start'&#10;/Library/Ruby/Gems/2.3.0/gems/fastlane-2.98.0/fastlane/lib/fastlane/cli_tools_distributor.rb:108:in `take_off'&#10;/Library/Ruby/Gems/2.3.0/gems/fastlane-2.98.0/bin/fastlane:20:in `&lt;top (required)&gt;'&#10;/usr/local/bin/fastlane:22:in `load'&#10;/usr/local/bin/fastlane:22:in `&lt;main&gt;'&#10;&#10;Exit status of command '/Users/ryanrawlinson/Development/NewsStack/gradlew test -p .' was 1 instead of 0.&#10;Starting a Gradle Daemon, 1 incompatible Daemon could not be reused, use --status for details&#10;:app:preBuild UP-TO-DATE&#10;:app:preDebugBuild UP-TO-DATE&#10;:app:compileDebugAidl NO-SOURCE&#10;:app:compileDebugRenderscript UP-TO-DATE&#10;:app:checkDebugManifest UP-TO-DATE&#10;:app:generateDebugBuildConfig UP-TO-DATE&#10;:app:mainApkListPersistenceDebug UP-TO-DATE&#10;:app:generateDebugResValues UP-TO-DATE&#10;:app:generateDebugResources UP-TO-DATE&#10;:app:mergeDebugResources UP-TO-DATE&#10;:app:createDebugCompatibleScreenManifests UP-TO-DATE&#10;:app:processDebugManifest&#10;:app:splitsDiscoveryTaskDebug UP-TO-DATE&#10;:app:processDebugResources&#10;:app:kaptGenerateStubsDebugKotlin&#10;w: Runtime JAR files in the classpath should have the same version. These files were found in the classpath:&#10;    /Users/ryanrawlinson/.gradle/caches/modules-2/files-2.1/org.jetbrains.kotlin/kotlin-reflect/1.1.1/e68cf130c2dbdd68a72f4a750cf442dffcd877ce/kotlin-reflect-1.1.1.jar (version 1.1)&#10;    /Users/ryanrawlinson/.gradle/caches/modules-2/files-2.1/org.jetbrains.kotlin/kotlin-stdlib/1.2.50/66d47b004c5b8a1d2d1df9e463187390ed741316/kotlin-stdlib-1.2.50.jar (version 1.2)&#10;    /Users/ryanrawlinson/.gradle/caches/modules-2/files-2.1/org.jetbrains.kotlin/kotlin-stdlib-common/1.2.50/6b19a2fcc29d34878b3aab33fd5fcf70458a73df/kotlin-stdlib-common-1.2.50.jar (version 1.2)&#10;w: Consider providing an explicit dependency on kotlin-reflect 1.2 to prevent strange errors&#10;w: Some runtime JAR files in the classpath have an incompatible version. Consider removing them from the classpath&#10;:app:kaptDebugKotlin UP-TO-DATE&#10;:app:compileDebugKotlin&#10;w: Runtime JAR files in the classpath should have the same version. These files were found in the classpath:&#10;    /Users/ryanrawlinson/.gradle/caches/modules-2/files-2.1/org.jetbrains.kotlin/kotlin-reflect/1.1.1/e68cf130c2dbdd68a72f4a750cf442dffcd877ce/kotlin-reflect-1.1.1.jar (version 1.1)&#10;    /Users/ryanrawlinson/.gradle/caches/modules-2/files-2.1/org.jetbrains.kotlin/kotlin-stdlib/1.2.50/66d47b004c5b8a1d2d1df9e463187390ed741316/kotlin-stdlib-1.2.50.jar (version 1.2)&#10;    /Users/ryanrawlinson/.gradle/caches/modules-2/files-2.1/org.jetbrains.kotlin/kotlin-stdlib-common/1.2.50/6b19a2fcc29d34878b3aab33fd5fcf70458a73df/kotlin-stdlib-common-1.2.50.jar (version 1.2)&#10;w: Consider providing an explicit dependency on kotlin-reflect 1.2 to prevent strange errors&#10;w: Some runtime JAR files in the classpath have an incompatible version. Consider removing them from the classpath&#10;:app:prepareLintJar UP-TO-DATE&#10;:app:generateDebugSources&#10;:app:javaPreCompileDebug UP-TO-DATE&#10;:app:compileDebugJavaWithJavacNote: /Users/ryanrawlinson/Development/NewsStack/app/build/generated/source/kapt/debug/com/rrawlinson/newsstack/di/DaggerAppComponent.java uses unchecked or unsafe operations.&#10;Note: Recompile with -Xlint:unchecked for details.&#10;&#10;:app:kaptGenerateStubsDebugUnitTestKotlin&#10;w: Runtime JAR files in the classpath should have the same version. These files were found in the classpath:&#10;    /Users/ryanrawlinson/.gradle/caches/modules-2/files-2.1/org.jetbrains.kotlin/kotlin-reflect/1.1.1/e68cf130c2dbdd68a72f4a750cf442dffcd877ce/kotlin-reflect-1.1.1.jar (version 1.1)&#10;    /Users/ryanrawlinson/.gradle/caches/modules-2/files-2.1/org.jetbrains.kotlin/kotlin-stdlib/1.2.50/66d47b004c5b8a1d2d1df9e463187390ed741316/kotlin-stdlib-1.2.50.jar (version 1.2)&#10;    /Users/ryanrawlinson/.gradle/caches/modules-2/files-2.1/org.jetbrains.kotlin/kotlin-stdlib-common/1.2.50/6b19a2fcc29d34878b3aab33fd5fcf70458a73df/kotlin-stdlib-common-1.2.50.jar (version 1.2)&#10;w: Consider providing an explicit dependency on kotlin-reflect 1.2 to prevent strange errors&#10;w: Some runtime JAR files in the classpath have an incompatible version. Consider removing them from the classpath&#10;:app:kaptDebugUnitTestKotlin&#10;w: Classpath entry points to a non-existent location: /Users/ryanrawlinson/Development/NewsStack/app/src/test/kotlin&#10;w: Classpath entry points to a non-existent location: /Users/ryanrawlinson/Development/NewsStack/app/src/testDebug/kotlin&#10;w: Classpath entry points to a non-existent location: /Users/ryanrawlinson/Development/NewsStack/app/src/testDebug/java&#10;w: Runtime JAR files in the classpath should have the same version. These files were found in the classpath:&#10;    /Users/ryanrawlinson/.gradle/caches/modules-2/files-2.1/org.jetbrains.kotlin/kotlin-reflect/1.1.1/e68cf130c2dbdd68a72f4a750cf442dffcd877ce/kotlin-reflect-1.1.1.jar (version 1.1)&#10;    /Users/ryanrawlinson/.gradle/caches/modules-2/files-2.1/org.jetbrains.kotlin/kotlin-stdlib/1.2.50/66d47b004c5b8a1d2d1df9e463187390ed741316/kotlin-stdlib-1.2.50.jar (version 1.2)&#10;    /Users/ryanrawlinson/.gradle/caches/modules-2/files-2.1/org.jetbrains.kotlin/kotlin-stdlib-common/1.2.50/6b19a2fcc29d34878b3aab33fd5fcf70458a73df/kotlin-stdlib-common-1.2.50.jar (version 1.2)&#10;w: Consider providing an explicit dependency on kotlin-reflect 1.2 to prevent strange errors&#10;w: Some runtime JAR files in the classpath have an incompatible version. Consider removing them from the classpath&#10;:app:compileDebugUnitTestKotlin&#10;w: Runtime JAR files in the classpath should have the same version. These files were found in the classpath:&#10;    /Users/ryanrawlinson/.gradle/caches/modules-2/files-2.1/org.jetbrains.kotlin/kotlin-reflect/1.1.1/e68cf130c2dbdd68a72f4a750cf442dffcd877ce/kotlin-reflect-1.1.1.jar (version 1.1)&#10;    /Users/ryanrawlinson/.gradle/caches/modules-2/files-2.1/org.jetbrains.kotlin/kotlin-stdlib/1.2.50/66d47b004c5b8a1d2d1df9e463187390ed741316/kotlin-stdlib-1.2.50.jar (version 1.2)&#10;    /Users/ryanrawlinson/.gradle/caches/modules-2/files-2.1/org.jetbrains.kotlin/kotlin-stdlib-common/1.2.50/6b19a2fcc29d34878b3aab33fd5fcf70458a73df/kotlin-stdlib-common-1.2.50.jar (version 1.2)&#10;w: Consider providing an explicit dependency on kotlin-reflect 1.2 to prevent strange errors&#10;w: Some runtime JAR files in the classpath have an incompatible version. Consider removing them from the classpath&#10;:app:generateDebugUnitTestSources UP-TO-DATE&#10;:app:preDebugUnitTestBuild UP-TO-DATE&#10;:app:javaPreCompileDebugUnitTest&#10;:app:compileDebugUnitTestJavaWithJavac NO-SOURCE&#10;:app:processDebugJavaRes NO-SOURCE&#10;:app:processDebugUnitTestJavaRes NO-SOURCE&#10;:app:testDebugUnitTest&#10;:app:preReleaseBuild&#10;:app:compileReleaseAidl NO-SOURCE&#10;:app:compileReleaseRenderscript&#10;:app:checkReleaseManifest&#10;:app:generateReleaseBuildConfig&#10;:app:mainApkListPersistenceRelease&#10;:app:generateReleaseResValues&#10;:app:generateReleaseResources&#10;:app:mergeReleaseResources&#10;:app:createReleaseCompatibleScreenManifests&#10;:app:processReleaseManifest&#10;:app:splitsDiscoveryTaskRelease&#10;:app:processReleaseResources&#10;:app:kaptGenerateStubsReleaseKotlin&#10;w: Runtime JAR files in the classpath should have the same version. These files were found in the classpath:&#10;    /Users/ryanrawlinson/.gradle/caches/modules-2/files-2.1/org.jetbrains.kotlin/kotlin-reflect/1.1.1/e68cf130c2dbdd68a72f4a750cf442dffcd877ce/kotlin-reflect-1.1.1.jar (version 1.1)&#10;    /Users/ryanrawlinson/.gradle/caches/modules-2/files-2.1/org.jetbrains.kotlin/kotlin-stdlib/1.2.50/66d47b004c5b8a1d2d1df9e463187390ed741316/kotlin-stdlib-1.2.50.jar (version 1.2)&#10;    /Users/ryanrawlinson/.gradle/caches/modules-2/files-2.1/org.jetbrains.kotlin/kotlin-stdlib-common/1.2.50/6b19a2fcc29d34878b3aab33fd5fcf70458a73df/kotlin-stdlib-common-1.2.50.jar (version 1.2)&#10;w: Consider providing an explicit dependency on kotlin-reflect 1.2 to prevent strange errors&#10;w: Some runtime JAR files in the classpath have an incompatible version. Consider removing them from the classpath&#10;:app:kaptReleaseKotlin&#10;w: Classpath entry points to a non-existent location: /Users/ryanrawlinson/Development/NewsStack/app/src/release/java&#10;w: Classpath entry points to a non-existent location: /Users/ryanrawlinson/Development/NewsStack/app/src/release/kotlin&#10;w: Classpath entry points to a non-existent location: /Users/ryanrawlinson/Development/NewsStack/app/build/generated/source/aidl/release&#10;w: Classpath entry points to a non-existent location: /Users/ryanrawlinson/Development/NewsStack/app/src/main/kotlin&#10;w: Runtime JAR files in the classpath should have the same version. These files were found in the classpath:&#10;    /Users/ryanrawlinson/.gradle/caches/modules-2/files-2.1/org.jetbrains.kotlin/kotlin-reflect/1.1.1/e68cf130c2dbdd68a72f4a750cf442dffcd877ce/kotlin-reflect-1.1.1.jar (version 1.1)&#10;    /Users/ryanrawlinson/.gradle/caches/modules-2/files-2.1/org.jetbrains.kotlin/kotlin-stdlib/1.2.50/66d47b004c5b8a1d2d1df9e463187390ed741316/kotlin-stdlib-1.2.50.jar (version 1.2)&#10;    /Users/ryanrawlinson/.gradle/caches/modules-2/files-2.1/org.jetbrains.kotlin/kotlin-stdlib-common/1.2.50/6b19a2fcc29d34878b3aab33fd5fcf70458a73df/kotlin-stdlib-common-1.2.50.jar (version 1.2)&#10;w: Consider providing an explicit dependency on kotlin-reflect 1.2 to prevent strange errors&#10;w: Some runtime JAR files in the classpath have an incompatible version. Consider removing them from the classpath&#10;:app:compileReleaseKotlin&#10;w: Runtime JAR files in the classpath should have the same version. These files were found in the classpath:&#10;    /Users/ryanrawlinson/.gradle/caches/modules-2/files-2.1/org.jetbrains.kotlin/kotlin-reflect/1.1.1/e68cf130c2dbdd68a72f4a750cf442dffcd877ce/kotlin-reflect-1.1.1.jar (version 1.1)&#10;    /Users/ryanrawlinson/.gradle/caches/modules-2/files-2.1/org.jetbrains.kotlin/kotlin-stdlib/1.2.50/66d47b004c5b8a1d2d1df9e463187390ed741316/kotlin-stdlib-1.2.50.jar (version 1.2)&#10;    /Users/ryanrawlinson/.gradle/caches/modules-2/files-2.1/org.jetbrains.kotlin/kotlin-stdlib-common/1.2.50/6b19a2fcc29d34878b3aab33fd5fcf70458a73df/kotlin-stdlib-common-1.2.50.jar (version 1.2)&#10;w: Consider providing an explicit dependency on kotlin-reflect 1.2 to prevent strange errors&#10;w: Some runtime JAR files in the classpath have an incompatible version. Consider removing them from the classpath&#10;:app:generateReleaseSources&#10;:app:javaPreCompileRelease&#10;:app:compileReleaseJavaWithJavac/Users/ryanrawlinson/Development/NewsStack/app/build/generated/source/kapt/release/com/rrawlinson/newsstack/di/providers/FragmentProvider_ProvideHeadlinesFragmentFactory.java:12: error: package javax.annotation.processing does not exist&#10;import javax.annotation.processing.Generated;&#10;                                  ^&#10;/Users/ryanrawlinson/Development/NewsStack/app/build/generated/source/kapt/release/com/rrawlinson/newsstack/di/providers/FragmentProvider_ProvideHeadlinesFragmentFactory.java:18: error: cannot find symbol&#10;@Generated(&quot;dagger.android.processor.AndroidProcessor&quot;)&#10; ^&#10;  symbol: class Generated&#10;/Users/ryanrawlinson/Development/NewsStack/app/build/generated/source/kapt/release/com/rrawlinson/newsstack/di/DaggerAppComponent.java:28: error: package javax.annotation.processing does not exist&#10;import javax.annotation.processing.Generated;&#10;                                  ^&#10;/Users/ryanrawlinson/Development/NewsStack/app/build/generated/source/kapt/release/com/rrawlinson/newsstack/di/DaggerAppComponent.java:33: error: cannot find symbol&#10;@Generated(&#10; ^&#10;  symbol: class Generated&#10;/Users/ryanrawlinson/Development/NewsStack/app/build/generated/source/kapt/release/com/rrawlinson/newsstack/di/ActivityBuilder_BindMainActivity.java:13: error: package javax.annotation.processing does not exist&#10;import javax.annotation.processing.Generated;&#10;                                  ^&#10;/Users/ryanrawlinson/Development/NewsStack/app/build/generated/source/kapt/release/com/rrawlinson/newsstack/di/ActivityBuilder_BindMainActivity.java:16: error: cannot find symbol&#10;@Generated(&quot;dagger.android.processor.AndroidProcessor&quot;)&#10; ^&#10;  symbol: class Generated&#10;/Users/ryanrawlinson/Development/NewsStack/app/build/generated/source/kapt/release/com/rrawlinson/newsstack/di/modules/NetworkModule_ProvideRetrofitFactory.java:6: error: package javax.annotation.processing does not exist&#10;import javax.annotation.processing.Generated;&#10;                                  ^&#10;/Users/ryanrawlinson/Development/NewsStack/app/build/generated/source/kapt/release/com/rrawlinson/newsstack/di/modules/NetworkModule_ProvideRetrofitFactory.java:11: error: cannot find symbol&#10;@Generated(&#10; ^&#10;  symbol: class Generated&#10;/Users/ryanrawlinson/Development/NewsStack/app/build/generated/source/kapt/release/com/rrawlinson/newsstack/di/modules/NetworkModule_ProvideMoshiFactory.java:6: error: package javax.annotation.processing does not exist&#10;import javax.annotation.processing.Generated;&#10;                                  ^&#10;/Users/ryanrawlinson/Development/NewsStack/app/build/generated/source/kapt/release/com/rrawlinson/newsstack/di/modules/NetworkModule_ProvideMoshiFactory.java:8: error: cannot find symbol&#10;@Generated(&#10; ^&#10;  symbol: class Generated&#10;/Users/ryanrawlinson/Development/NewsStack/app/build/generated/source/kapt/release/com/rrawlinson/newsstack/di/modules/NetworkModule_ProvideOkHttpFactory.java:5: error: package javax.annotation.processing does not exist&#10;import javax.annotation.processing.Generated;&#10;                                  ^&#10;/Users/ryanrawlinson/Development/NewsStack/app/build/generated/source/kapt/release/com/rrawlinson/newsstack/di/modules/NetworkModule_ProvideOkHttpFactory.java:8: error: cannot find symbol&#10;@Generated(&#10; ^&#10;  symbol: class Generated&#10;/Users/ryanrawlinson/Development/NewsStack/app/build/generated/source/kapt/release/com/rrawlinson/newsstack/di/modules/HeadlinesFragmentModule_ProvideHeadlinesViewModelFactory.java:6: error: package javax.annotation.processing does not exist&#10;import javax.annotation.processing.Generated;&#10;                                  ^&#10;/Users/ryanrawlinson/Development/NewsStack/app/build/generated/source/kapt/release/com/rrawlinson/newsstack/di/modules/HeadlinesFragmentModule_ProvideHeadlinesViewModelFactory.java:8: error: cannot find symbol&#10;@Generated(&#10; ^&#10;  symbol: class Generated&#10;/Users/ryanrawlinson/Development/NewsStack/app/build/generated/source/kapt/release/com/rrawlinson/newsstack/di/AppModule_ProvideContextFactory.java:6: error: package javax.annotation.processing does not exist&#10;import javax.annotation.processing.Generated;&#10;                                  ^&#10;/Users/ryanrawlinson/Development/NewsStack/app/build/generated/source/kapt/release/com/rrawlinson/newsstack/di/AppModule_ProvideContextFactory.java:9: error: cannot find symbol&#10;@Generated(&#10; ^&#10;  symbol: class Generated&#10;/Users/ryanrawlinson/Development/NewsStack/app/build/generated/source/kapt/release/com/rrawlinson/newsstack/NewsStackApp_MembersInjector.java:11: error: package javax.annotation.processing does not exist&#10;import javax.annotation.processing.Generated;&#10;                                  ^&#10;/Users/ryanrawlinson/Development/NewsStack/app/build/generated/source/kapt/release/com/rrawlinson/newsstack/NewsStackApp_MembersInjector.java:14: error: cannot find symbol&#10;@Generated(&#10; ^&#10;  symbol: class Generated&#10;/Users/ryanrawlinson/Development/NewsStack/app/build/generated/source/kapt/release/com/rrawlinson/newsstack/view/headlines/HeadlinesFragment_MembersInjector.java:7: error: package javax.annotation.processing does not exist&#10;import javax.annotation.processing.Generated;&#10;                                  ^&#10;/Users/ryanrawlinson/Development/NewsStack/app/build/generated/source/kapt/release/com/rrawlinson/newsstack/view/headlines/HeadlinesFragment_MembersInjector.java:11: error: cannot find symbol&#10;@Generated(&#10; ^&#10;  symbol: class Generated&#10;/Users/ryanrawlinson/Development/NewsStack/app/build/generated/source/kapt/release/com/rrawlinson/newsstack/view/MainActivity_MembersInjector.java:7: error: package javax.annotation.processing does not exist&#10;import javax.annotation.processing.Generated;&#10;                                  ^&#10;/Users/ryanrawlinson/Development/NewsStack/app/build/generated/source/kapt/release/com/rrawlinson/newsstack/view/MainActivity_MembersInjector.java:10: error: cannot find symbol&#10;@Generated(&#10; ^&#10;  symbol: class Generated&#10;Note: /Users/ryanrawlinson/Development/NewsStack/app/build/generated/source/kapt/release/com/rrawlinson/newsstack/di/DaggerAppComponent.java uses unchecked or unsafe operations.&#10;Note: Recompile with -Xlint:unchecked for details.&#10;22 errors&#10; FAILED&#10;&#10;FAILURE: Build failed with an exception.&#10;&#10;* What went wrong:&#10;Execution failed for task ':app:compileReleaseJavaWithJavac'.&#10;&gt; Compilation failed; see the compiler error output for details.&#10;&#10;* Try:&#10;Run with --stacktrace option to get the stack trace. Run with --info or --debug option to get more log output. Run with --scan to get full insights.&#10;&#10;* Get more help at https://help.gradle.org&#10;&#10;BUILD FAILED in 34s&#10;38 actionable tasks: 26 executed, 12 up-to-date&#10;" />

        </testcase>

    </testsuite>
</testsuites>
